{"/home/shavinski/rithm/exercises/week-7/express-jobly/app.js": {"path":"/home/shavinski/rithm/exercises/week-7/express-jobly/app.js","statementMap":{"0":{"start":{"line":5,"column":16},"end":{"line":5,"column":34}},"1":{"start":{"line":6,"column":13},"end":{"line":6,"column":28}},"2":{"start":{"line":8,"column":26},"end":{"line":8,"column":51}},"3":{"start":{"line":10,"column":28},"end":{"line":10,"column":56}},"4":{"start":{"line":11,"column":19},"end":{"line":11,"column":43}},"5":{"start":{"line":12,"column":24},"end":{"line":12,"column":53}},"6":{"start":{"line":13,"column":20},"end":{"line":13,"column":45}},"7":{"start":{"line":15,"column":15},"end":{"line":15,"column":32}},"8":{"start":{"line":17,"column":12},"end":{"line":17,"column":21}},"9":{"start":{"line":19,"column":0},"end":{"line":19,"column":16}},"10":{"start":{"line":20,"column":0},"end":{"line":20,"column":24}},"11":{"start":{"line":21,"column":0},"end":{"line":21,"column":24}},"12":{"start":{"line":22,"column":0},"end":{"line":22,"column":25}},"13":{"start":{"line":24,"column":0},"end":{"line":24,"column":29}},"14":{"start":{"line":25,"column":0},"end":{"line":25,"column":39}},"15":{"start":{"line":26,"column":0},"end":{"line":26,"column":31}},"16":{"start":{"line":30,"column":0},"end":{"line":32,"column":3}},"17":{"start":{"line":31,"column":2},"end":{"line":31,"column":28}},"18":{"start":{"line":35,"column":0},"end":{"line":43,"column":3}},"19":{"start":{"line":36,"column":2},"end":{"line":36,"column":64}},"20":{"start":{"line":36,"column":39},"end":{"line":36,"column":64}},"21":{"start":{"line":37,"column":17},"end":{"line":37,"column":34}},"22":{"start":{"line":38,"column":18},"end":{"line":38,"column":29}},"23":{"start":{"line":40,"column":2},"end":{"line":42,"column":5}},"24":{"start":{"line":45,"column":0},"end":{"line":45,"column":21}}},"fnMap":{"0":{"name":"(anonymous_0)","decl":{"start":{"line":30,"column":8},"end":{"line":30,"column":9}},"loc":{"start":{"line":30,"column":34},"end":{"line":32,"column":1}},"line":30},"1":{"name":"(anonymous_1)","decl":{"start":{"line":35,"column":8},"end":{"line":35,"column":9}},"loc":{"start":{"line":35,"column":39},"end":{"line":43,"column":1}},"line":35}},"branchMap":{"0":{"loc":{"start":{"line":36,"column":2},"end":{"line":36,"column":64}},"type":"if","locations":[{"start":{"line":36,"column":2},"end":{"line":36,"column":64}},{"start":{},"end":{}}],"line":36},"1":{"loc":{"start":{"line":37,"column":17},"end":{"line":37,"column":34}},"type":"binary-expr","locations":[{"start":{"line":37,"column":17},"end":{"line":37,"column":27}},{"start":{"line":37,"column":31},"end":{"line":37,"column":34}}],"line":37}},"s":{"0":1,"1":1,"2":1,"3":1,"4":1,"5":1,"6":1,"7":1,"8":1,"9":1,"10":1,"11":1,"12":1,"13":1,"14":1,"15":1,"16":1,"17":0,"18":1,"19":10,"20":0,"21":10,"22":10,"23":10,"24":1},"f":{"0":0,"1":10},"b":{"0":[0,10],"1":[10,0]},"_coverageSchema":"1a1c01bbd47fc00a2c39e90264f33305004495a9","hash":"fe8238f6212a9a10424d3189d728bab00e89503a"}
,"/home/shavinski/rithm/exercises/week-7/express-jobly/config.js": {"path":"/home/shavinski/rithm/exercises/week-7/express-jobly/config.js","statementMap":{"0":{"start":{"line":5,"column":0},"end":{"line":5,"column":27}},"1":{"start":{"line":6,"column":0},"end":{"line":6,"column":18}},"2":{"start":{"line":8,"column":19},"end":{"line":8,"column":57}},"3":{"start":{"line":10,"column":13},"end":{"line":10,"column":38}},"4":{"start":{"line":14,"column":2},"end":{"line":16,"column":44}},"5":{"start":{"line":22,"column":27},"end":{"line":22,"column":67}},"6":{"start":{"line":24,"column":0},"end":{"line":24,"column":35}},"7":{"start":{"line":25,"column":0},"end":{"line":25,"column":46}},"8":{"start":{"line":26,"column":0},"end":{"line":26,"column":45}},"9":{"start":{"line":27,"column":0},"end":{"line":27,"column":61}},"10":{"start":{"line":28,"column":0},"end":{"line":28,"column":50}},"11":{"start":{"line":29,"column":0},"end":{"line":29,"column":19}},"12":{"start":{"line":31,"column":0},"end":{"line":36,"column":2}}},"fnMap":{"0":{"name":"getDatabaseUri","decl":{"start":{"line":13,"column":9},"end":{"line":13,"column":23}},"loc":{"start":{"line":13,"column":26},"end":{"line":17,"column":1}},"line":13}},"branchMap":{"0":{"loc":{"start":{"line":8,"column":19},"end":{"line":8,"column":57}},"type":"binary-expr","locations":[{"start":{"line":8,"column":19},"end":{"line":8,"column":41}},{"start":{"line":8,"column":45},"end":{"line":8,"column":57}}],"line":8},"1":{"loc":{"start":{"line":10,"column":13},"end":{"line":10,"column":38}},"type":"binary-expr","locations":[{"start":{"line":10,"column":13},"end":{"line":10,"column":30}},{"start":{"line":10,"column":34},"end":{"line":10,"column":38}}],"line":10},"2":{"loc":{"start":{"line":14,"column":9},"end":{"line":16,"column":43}},"type":"cond-expr","locations":[{"start":{"line":15,"column":8},"end":{"line":15,"column":37}},{"start":{"line":16,"column":8},"end":{"line":16,"column":43}}],"line":14},"3":{"loc":{"start":{"line":16,"column":8},"end":{"line":16,"column":43}},"type":"binary-expr","locations":[{"start":{"line":16,"column":8},"end":{"line":16,"column":32}},{"start":{"line":16,"column":36},"end":{"line":16,"column":43}}],"line":16},"4":{"loc":{"start":{"line":22,"column":27},"end":{"line":22,"column":67}},"type":"cond-expr","locations":[{"start":{"line":22,"column":61},"end":{"line":22,"column":62}},{"start":{"line":22,"column":65},"end":{"line":22,"column":67}}],"line":22}},"s":{"0":1,"1":1,"2":1,"3":1,"4":2,"5":1,"6":1,"7":1,"8":1,"9":1,"10":1,"11":1,"12":1},"f":{"0":2},"b":{"0":[1,0],"1":[1,1],"2":[2,0],"3":[0,0],"4":[1,0]},"_coverageSchema":"1a1c01bbd47fc00a2c39e90264f33305004495a9","hash":"210f93bd115ce0e0bc3c71e17faf3d50ad7ed86c"}
,"/home/shavinski/rithm/exercises/week-7/express-jobly/db.js": {"path":"/home/shavinski/rithm/exercises/week-7/express-jobly/db.js","statementMap":{"0":{"start":{"line":5,"column":19},"end":{"line":5,"column":32}},"1":{"start":{"line":6,"column":27},"end":{"line":6,"column":46}},"2":{"start":{"line":8,"column":11},"end":{"line":10,"column":2}},"3":{"start":{"line":12,"column":0},"end":{"line":12,"column":13}},"4":{"start":{"line":14,"column":0},"end":{"line":14,"column":20}}},"fnMap":{},"branchMap":{},"s":{"0":1,"1":1,"2":1,"3":1,"4":1},"f":{},"b":{},"_coverageSchema":"1a1c01bbd47fc00a2c39e90264f33305004495a9","hash":"9ef1e8dff9bfbd6e944cbc1a2fd23c2e04dc98e1"}
,"/home/shavinski/rithm/exercises/week-7/express-jobly/expressError.js": {"path":"/home/shavinski/rithm/exercises/week-7/express-jobly/expressError.js","statementMap":{"0":{"start":{"line":11,"column":4},"end":{"line":11,"column":12}},"1":{"start":{"line":12,"column":4},"end":{"line":12,"column":27}},"2":{"start":{"line":13,"column":4},"end":{"line":13,"column":25}},"3":{"start":{"line":21,"column":4},"end":{"line":21,"column":24}},"4":{"start":{"line":29,"column":4},"end":{"line":29,"column":24}},"5":{"start":{"line":37,"column":4},"end":{"line":37,"column":24}},"6":{"start":{"line":45,"column":4},"end":{"line":45,"column":24}},"7":{"start":{"line":49,"column":0},"end":{"line":55,"column":2}}},"fnMap":{"0":{"name":"(anonymous_0)","decl":{"start":{"line":10,"column":2},"end":{"line":10,"column":3}},"loc":{"start":{"line":10,"column":31},"end":{"line":14,"column":3}},"line":10},"1":{"name":"(anonymous_1)","decl":{"start":{"line":20,"column":2},"end":{"line":20,"column":3}},"loc":{"start":{"line":20,"column":37},"end":{"line":22,"column":3}},"line":20},"2":{"name":"(anonymous_2)","decl":{"start":{"line":28,"column":2},"end":{"line":28,"column":3}},"loc":{"start":{"line":28,"column":40},"end":{"line":30,"column":3}},"line":28},"3":{"name":"(anonymous_3)","decl":{"start":{"line":36,"column":2},"end":{"line":36,"column":3}},"loc":{"start":{"line":36,"column":39},"end":{"line":38,"column":3}},"line":36},"4":{"name":"(anonymous_4)","decl":{"start":{"line":44,"column":2},"end":{"line":44,"column":3}},"loc":{"start":{"line":44,"column":39},"end":{"line":46,"column":3}},"line":44}},"branchMap":{"0":{"loc":{"start":{"line":20,"column":14},"end":{"line":20,"column":35}},"type":"default-arg","locations":[{"start":{"line":20,"column":24},"end":{"line":20,"column":35}}],"line":20},"1":{"loc":{"start":{"line":28,"column":14},"end":{"line":28,"column":38}},"type":"default-arg","locations":[{"start":{"line":28,"column":24},"end":{"line":28,"column":38}}],"line":28},"2":{"loc":{"start":{"line":36,"column":14},"end":{"line":36,"column":37}},"type":"default-arg","locations":[{"start":{"line":36,"column":24},"end":{"line":36,"column":37}}],"line":36},"3":{"loc":{"start":{"line":44,"column":14},"end":{"line":44,"column":37}},"type":"default-arg","locations":[{"start":{"line":44,"column":24},"end":{"line":44,"column":37}}],"line":44}},"s":{"0":10,"1":10,"2":10,"3":3,"4":2,"5":5,"6":0,"7":1},"f":{"0":10,"1":3,"2":2,"3":5,"4":0},"b":{"0":[0],"1":[2],"2":[0],"3":[0]},"_coverageSchema":"1a1c01bbd47fc00a2c39e90264f33305004495a9","hash":"35cd24acc454152574e89724ec7d9e478c0b093b"}
,"/home/shavinski/rithm/exercises/week-7/express-jobly/helpers/sql.js": {"path":"/home/shavinski/rithm/exercises/week-7/express-jobly/helpers/sql.js","statementMap":{"0":{"start":{"line":3,"column":28},"end":{"line":3,"column":54}},"1":{"start":{"line":35,"column":15},"end":{"line":35,"column":40}},"2":{"start":{"line":36,"column":2},"end":{"line":36,"column":62}},"3":{"start":{"line":36,"column":25},"end":{"line":36,"column":62}},"4":{"start":{"line":41,"column":15},"end":{"line":43,"column":3}},"5":{"start":{"line":42,"column":6},"end":{"line":42,"column":52}},"6":{"start":{"line":45,"column":2},"end":{"line":48,"column":4}},"7":{"start":{"line":51,"column":0},"end":{"line":51,"column":41}}},"fnMap":{"0":{"name":"sqlForPartialUpdate","decl":{"start":{"line":34,"column":9},"end":{"line":34,"column":28}},"loc":{"start":{"line":34,"column":52},"end":{"line":49,"column":1}},"line":34},"1":{"name":"(anonymous_1)","decl":{"start":{"line":41,"column":24},"end":{"line":41,"column":25}},"loc":{"start":{"line":42,"column":6},"end":{"line":42,"column":52}},"line":42}},"branchMap":{"0":{"loc":{"start":{"line":36,"column":2},"end":{"line":36,"column":62}},"type":"if","locations":[{"start":{"line":36,"column":2},"end":{"line":36,"column":62}},{"start":{},"end":{}}],"line":36},"1":{"loc":{"start":{"line":42,"column":10},"end":{"line":42,"column":37}},"type":"binary-expr","locations":[{"start":{"line":42,"column":10},"end":{"line":42,"column":26}},{"start":{"line":42,"column":30},"end":{"line":42,"column":37}}],"line":42}},"s":{"0":1,"1":2,"2":2,"3":0,"4":2,"5":2,"6":2,"7":1},"f":{"0":2,"1":2},"b":{"0":[0,2],"1":[2,2]},"_coverageSchema":"1a1c01bbd47fc00a2c39e90264f33305004495a9","hash":"946dbb837d7d64b0c0a1bcec344907200bdc2de6"}
,"/home/shavinski/rithm/exercises/week-7/express-jobly/helpers/tokens.js": {"path":"/home/shavinski/rithm/exercises/week-7/express-jobly/helpers/tokens.js","statementMap":{"0":{"start":{"line":3,"column":12},"end":{"line":3,"column":35}},"1":{"start":{"line":4,"column":23},"end":{"line":4,"column":43}},"2":{"start":{"line":9,"column":2},"end":{"line":10,"column":58}},"3":{"start":{"line":12,"column":16},"end":{"line":15,"column":3}},"4":{"start":{"line":17,"column":2},"end":{"line":17,"column":39}},"5":{"start":{"line":20,"column":0},"end":{"line":20,"column":33}}},"fnMap":{"0":{"name":"createToken","decl":{"start":{"line":8,"column":9},"end":{"line":8,"column":20}},"loc":{"start":{"line":8,"column":27},"end":{"line":18,"column":1}},"line":8}},"branchMap":{"0":{"loc":{"start":{"line":14,"column":13},"end":{"line":14,"column":34}},"type":"binary-expr","locations":[{"start":{"line":14,"column":13},"end":{"line":14,"column":25}},{"start":{"line":14,"column":29},"end":{"line":14,"column":34}}],"line":14}},"s":{"0":1,"1":1,"2":1,"3":1,"4":1,"5":1},"f":{"0":1},"b":{"0":[1,1]},"_coverageSchema":"1a1c01bbd47fc00a2c39e90264f33305004495a9","hash":"f48e8519e9bd81040108973c71acfe9e438233d2"}
,"/home/shavinski/rithm/exercises/week-7/express-jobly/middleware/auth.js": {"path":"/home/shavinski/rithm/exercises/week-7/express-jobly/middleware/auth.js","statementMap":{"0":{"start":{"line":5,"column":12},"end":{"line":5,"column":35}},"1":{"start":{"line":6,"column":23},"end":{"line":6,"column":43}},"2":{"start":{"line":7,"column":30},"end":{"line":7,"column":56}},"3":{"start":{"line":19,"column":21},"end":{"line":19,"column":47}},"4":{"start":{"line":21,"column":2},"end":{"line":29,"column":3}},"5":{"start":{"line":22,"column":18},"end":{"line":22,"column":62}},"6":{"start":{"line":24,"column":4},"end":{"line":28,"column":5}},"7":{"start":{"line":25,"column":6},"end":{"line":25,"column":54}},"8":{"start":{"line":30,"column":2},"end":{"line":30,"column":16}},"9":{"start":{"line":40,"column":2},"end":{"line":40,"column":58}},"10":{"start":{"line":42,"column":2},"end":{"line":42,"column":47}},"11":{"start":{"line":42,"column":33},"end":{"line":42,"column":47}},"12":{"start":{"line":43,"column":2},"end":{"line":43,"column":32}},"13":{"start":{"line":47,"column":0},"end":{"line":50,"column":2}}},"fnMap":{"0":{"name":"authenticateJWT","decl":{"start":{"line":18,"column":9},"end":{"line":18,"column":24}},"loc":{"start":{"line":18,"column":41},"end":{"line":32,"column":1}},"line":18},"1":{"name":"ensureLoggedIn","decl":{"start":{"line":39,"column":9},"end":{"line":39,"column":23}},"loc":{"start":{"line":39,"column":40},"end":{"line":44,"column":1}},"line":39}},"branchMap":{"0":{"loc":{"start":{"line":21,"column":2},"end":{"line":29,"column":3}},"type":"if","locations":[{"start":{"line":21,"column":2},"end":{"line":29,"column":3}},{"start":{},"end":{}}],"line":21},"1":{"loc":{"start":{"line":42,"column":2},"end":{"line":42,"column":47}},"type":"if","locations":[{"start":{"line":42,"column":2},"end":{"line":42,"column":47}},{"start":{},"end":{}}],"line":42}},"s":{"0":1,"1":1,"2":1,"3":17,"4":17,"5":9,"6":9,"7":9,"8":17,"9":11,"10":11,"11":9,"12":2,"13":1},"f":{"0":17,"1":11},"b":{"0":[9,8],"1":[9,2]},"_coverageSchema":"1a1c01bbd47fc00a2c39e90264f33305004495a9","hash":"8b86c8e8040207a38b7bccc79beba6a0093e4633"}
,"/home/shavinski/rithm/exercises/week-7/express-jobly/models/company.js": {"path":"/home/shavinski/rithm/exercises/week-7/express-jobly/models/company.js","statementMap":{"0":{"start":{"line":3,"column":11},"end":{"line":3,"column":27}},"1":{"start":{"line":4,"column":43},"end":{"line":4,"column":69}},"2":{"start":{"line":5,"column":32},"end":{"line":5,"column":57}},"3":{"start":{"line":20,"column":27},"end":{"line":23,"column":37}},"4":{"start":{"line":25,"column":4},"end":{"line":26,"column":64}},"5":{"start":{"line":26,"column":6},"end":{"line":26,"column":64}},"6":{"start":{"line":28,"column":19},"end":{"line":47,"column":5}},"7":{"start":{"line":48,"column":20},"end":{"line":48,"column":34}},"8":{"start":{"line":50,"column":4},"end":{"line":50,"column":19}},"9":{"start":{"line":59,"column":54},"end":{"line":59,"column":65}},"10":{"start":{"line":62,"column":4},"end":{"line":62,"column":62}},"11":{"start":{"line":64,"column":4},"end":{"line":64,"column":24}},"12":{"start":{"line":65,"column":25},"end":{"line":75,"column":9}},"13":{"start":{"line":77,"column":4},"end":{"line":77,"column":29}},"14":{"start":{"line":89,"column":16},"end":{"line":89,"column":18}},"15":{"start":{"line":90,"column":17},"end":{"line":90,"column":19}},"16":{"start":{"line":92,"column":4},"end":{"line":95,"column":5}},"17":{"start":{"line":93,"column":6},"end":{"line":93,"column":32}},"18":{"start":{"line":94,"column":6},"end":{"line":94,"column":55}},"19":{"start":{"line":96,"column":4},"end":{"line":99,"column":5}},"20":{"start":{"line":97,"column":6},"end":{"line":97,"column":32}},"21":{"start":{"line":98,"column":6},"end":{"line":98,"column":55}},"22":{"start":{"line":101,"column":4},"end":{"line":104,"column":5}},"23":{"start":{"line":102,"column":6},"end":{"line":102,"column":35}},"24":{"start":{"line":103,"column":6},"end":{"line":103,"column":49}},"25":{"start":{"line":106,"column":22},"end":{"line":106,"column":76}},"26":{"start":{"line":108,"column":4},"end":{"line":111,"column":5}},"27":{"start":{"line":125,"column":23},"end":{"line":132,"column":37}},"28":{"start":{"line":134,"column":20},"end":{"line":134,"column":38}},"29":{"start":{"line":136,"column":4},"end":{"line":136,"column":67}},"30":{"start":{"line":136,"column":18},"end":{"line":136,"column":67}},"31":{"start":{"line":138,"column":4},"end":{"line":138,"column":19}},"32":{"start":{"line":154,"column":32},"end":{"line":159,"column":10}},"33":{"start":{"line":160,"column":25},"end":{"line":160,"column":50}},"34":{"start":{"line":162,"column":21},"end":{"line":171,"column":34}},"35":{"start":{"line":172,"column":19},"end":{"line":172,"column":64}},"36":{"start":{"line":173,"column":20},"end":{"line":173,"column":34}},"37":{"start":{"line":175,"column":4},"end":{"line":175,"column":67}},"38":{"start":{"line":175,"column":18},"end":{"line":175,"column":67}},"39":{"start":{"line":177,"column":4},"end":{"line":177,"column":19}},"40":{"start":{"line":186,"column":19},"end":{"line":190,"column":36}},"41":{"start":{"line":191,"column":20},"end":{"line":191,"column":34}},"42":{"start":{"line":193,"column":4},"end":{"line":193,"column":67}},"43":{"start":{"line":193,"column":18},"end":{"line":193,"column":67}},"44":{"start":{"line":198,"column":0},"end":{"line":198,"column":25}}},"fnMap":{"0":{"name":"(anonymous_0)","decl":{"start":{"line":19,"column":2},"end":{"line":19,"column":3}},"loc":{"start":{"line":19,"column":76},"end":{"line":51,"column":3}},"line":19},"1":{"name":"(anonymous_1)","decl":{"start":{"line":58,"column":2},"end":{"line":58,"column":3}},"loc":{"start":{"line":58,"column":36},"end":{"line":78,"column":3}},"line":58},"2":{"name":"(anonymous_2)","decl":{"start":{"line":88,"column":2},"end":{"line":88,"column":3}},"loc":{"start":{"line":88,"column":63},"end":{"line":112,"column":3}},"line":88},"3":{"name":"(anonymous_3)","decl":{"start":{"line":124,"column":2},"end":{"line":124,"column":3}},"loc":{"start":{"line":124,"column":27},"end":{"line":139,"column":3}},"line":124},"4":{"name":"(anonymous_4)","decl":{"start":{"line":153,"column":2},"end":{"line":153,"column":3}},"loc":{"start":{"line":153,"column":36},"end":{"line":178,"column":3}},"line":153},"5":{"name":"(anonymous_5)","decl":{"start":{"line":185,"column":2},"end":{"line":185,"column":3}},"loc":{"start":{"line":185,"column":30},"end":{"line":194,"column":3}},"line":185}},"branchMap":{"0":{"loc":{"start":{"line":25,"column":4},"end":{"line":26,"column":64}},"type":"if","locations":[{"start":{"line":25,"column":4},"end":{"line":26,"column":64}},{"start":{},"end":{}}],"line":25},"1":{"loc":{"start":{"line":92,"column":4},"end":{"line":95,"column":5}},"type":"if","locations":[{"start":{"line":92,"column":4},"end":{"line":95,"column":5}},{"start":{},"end":{}}],"line":92},"2":{"loc":{"start":{"line":96,"column":4},"end":{"line":99,"column":5}},"type":"if","locations":[{"start":{"line":96,"column":4},"end":{"line":99,"column":5}},{"start":{},"end":{}}],"line":96},"3":{"loc":{"start":{"line":101,"column":4},"end":{"line":104,"column":5}},"type":"if","locations":[{"start":{"line":101,"column":4},"end":{"line":104,"column":5}},{"start":{},"end":{}}],"line":101},"4":{"loc":{"start":{"line":106,"column":22},"end":{"line":106,"column":76}},"type":"cond-expr","locations":[{"start":{"line":106,"column":41},"end":{"line":106,"column":71}},{"start":{"line":106,"column":74},"end":{"line":106,"column":76}}],"line":106},"5":{"loc":{"start":{"line":136,"column":4},"end":{"line":136,"column":67}},"type":"if","locations":[{"start":{"line":136,"column":4},"end":{"line":136,"column":67}},{"start":{},"end":{}}],"line":136},"6":{"loc":{"start":{"line":175,"column":4},"end":{"line":175,"column":67}},"type":"if","locations":[{"start":{"line":175,"column":4},"end":{"line":175,"column":67}},{"start":{},"end":{}}],"line":175},"7":{"loc":{"start":{"line":193,"column":4},"end":{"line":193,"column":67}},"type":"if","locations":[{"start":{"line":193,"column":4},"end":{"line":193,"column":67}},{"start":{},"end":{}}],"line":193}},"s":{"0":1,"1":1,"2":1,"3":4,"4":4,"5":0,"6":4,"7":4,"8":4,"9":2,"10":2,"11":2,"12":2,"13":2,"14":2,"15":2,"16":2,"17":1,"18":1,"19":2,"20":1,"21":1,"22":2,"23":1,"24":1,"25":2,"26":2,"27":3,"28":3,"29":3,"30":1,"31":2,"32":2,"33":2,"34":2,"35":2,"36":2,"37":2,"38":1,"39":1,"40":2,"41":2,"42":2,"43":1,"44":1},"f":{"0":4,"1":2,"2":2,"3":3,"4":2,"5":2},"b":{"0":[0,4],"1":[1,1],"2":[1,1],"3":[1,1],"4":[1,1],"5":[1,2],"6":[1,1],"7":[1,1]},"_coverageSchema":"1a1c01bbd47fc00a2c39e90264f33305004495a9","hash":"7344cc20ad66ef457b197ecc7fabf549f54f07a5"}
,"/home/shavinski/rithm/exercises/week-7/express-jobly/models/user.js": {"path":"/home/shavinski/rithm/exercises/week-7/express-jobly/models/user.js","statementMap":{"0":{"start":{"line":3,"column":11},"end":{"line":3,"column":27}},"1":{"start":{"line":4,"column":15},"end":{"line":4,"column":32}},"2":{"start":{"line":5,"column":32},"end":{"line":5,"column":57}},"3":{"start":{"line":10,"column":4},"end":{"line":10,"column":30}},"4":{"start":{"line":12,"column":31},"end":{"line":12,"column":54}},"5":{"start":{"line":26,"column":19},"end":{"line":35,"column":5}},"6":{"start":{"line":37,"column":17},"end":{"line":37,"column":31}},"7":{"start":{"line":39,"column":4},"end":{"line":46,"column":5}},"8":{"start":{"line":41,"column":22},"end":{"line":41,"column":67}},"9":{"start":{"line":42,"column":6},"end":{"line":45,"column":7}},"10":{"start":{"line":43,"column":8},"end":{"line":43,"column":29}},"11":{"start":{"line":44,"column":8},"end":{"line":44,"column":20}},"12":{"start":{"line":48,"column":4},"end":{"line":48,"column":61}},"13":{"start":{"line":60,"column":27},"end":{"line":64,"column":5}},"14":{"start":{"line":66,"column":4},"end":{"line":68,"column":5}},"15":{"start":{"line":67,"column":6},"end":{"line":67,"column":67}},"16":{"start":{"line":70,"column":27},"end":{"line":70,"column":74}},"17":{"start":{"line":72,"column":19},"end":{"line":94,"column":5}},"18":{"start":{"line":96,"column":17},"end":{"line":96,"column":31}},"19":{"start":{"line":98,"column":4},"end":{"line":98,"column":16}},"20":{"start":{"line":107,"column":19},"end":{"line":115,"column":5}},"21":{"start":{"line":117,"column":4},"end":{"line":117,"column":23}},"22":{"start":{"line":129,"column":20},"end":{"line":137,"column":5}},"23":{"start":{"line":139,"column":17},"end":{"line":139,"column":32}},"24":{"start":{"line":141,"column":4},"end":{"line":141,"column":63}},"25":{"start":{"line":141,"column":15},"end":{"line":141,"column":63}},"26":{"start":{"line":143,"column":4},"end":{"line":143,"column":16}},"27":{"start":{"line":164,"column":4},"end":{"line":166,"column":5}},"28":{"start":{"line":165,"column":6},"end":{"line":165,"column":75}},"29":{"start":{"line":168,"column":32},"end":{"line":174,"column":10}},"30":{"start":{"line":175,"column":27},"end":{"line":175,"column":52}},"31":{"start":{"line":177,"column":21},"end":{"line":185,"column":34}},"32":{"start":{"line":186,"column":19},"end":{"line":186,"column":66}},"33":{"start":{"line":187,"column":17},"end":{"line":187,"column":31}},"34":{"start":{"line":189,"column":4},"end":{"line":189,"column":63}},"35":{"start":{"line":189,"column":15},"end":{"line":189,"column":63}},"36":{"start":{"line":191,"column":4},"end":{"line":191,"column":25}},"37":{"start":{"line":192,"column":4},"end":{"line":192,"column":16}},"38":{"start":{"line":198,"column":17},"end":{"line":203,"column":5}},"39":{"start":{"line":204,"column":17},"end":{"line":204,"column":31}},"40":{"start":{"line":206,"column":4},"end":{"line":206,"column":63}},"41":{"start":{"line":206,"column":15},"end":{"line":206,"column":63}},"42":{"start":{"line":211,"column":0},"end":{"line":211,"column":22}}},"fnMap":{"0":{"name":"(anonymous_0)","decl":{"start":{"line":24,"column":2},"end":{"line":24,"column":3}},"loc":{"start":{"line":24,"column":48},"end":{"line":49,"column":3}},"line":24},"1":{"name":"(anonymous_1)","decl":{"start":{"line":58,"column":2},"end":{"line":58,"column":3}},"loc":{"start":{"line":59,"column":67},"end":{"line":99,"column":3}},"line":59},"2":{"name":"(anonymous_2)","decl":{"start":{"line":106,"column":2},"end":{"line":106,"column":3}},"loc":{"start":{"line":106,"column":25},"end":{"line":118,"column":3}},"line":106},"3":{"name":"(anonymous_3)","decl":{"start":{"line":128,"column":2},"end":{"line":128,"column":3}},"loc":{"start":{"line":128,"column":29},"end":{"line":144,"column":3}},"line":128},"4":{"name":"(anonymous_4)","decl":{"start":{"line":163,"column":2},"end":{"line":163,"column":3}},"loc":{"start":{"line":163,"column":38},"end":{"line":193,"column":3}},"line":163},"5":{"name":"(anonymous_5)","decl":{"start":{"line":197,"column":2},"end":{"line":197,"column":3}},"loc":{"start":{"line":197,"column":32},"end":{"line":207,"column":3}},"line":197}},"branchMap":{"0":{"loc":{"start":{"line":39,"column":4},"end":{"line":46,"column":5}},"type":"if","locations":[{"start":{"line":39,"column":4},"end":{"line":46,"column":5}},{"start":{},"end":{}}],"line":39},"1":{"loc":{"start":{"line":42,"column":6},"end":{"line":45,"column":7}},"type":"if","locations":[{"start":{"line":42,"column":6},"end":{"line":45,"column":7}},{"start":{},"end":{}}],"line":42},"2":{"loc":{"start":{"line":66,"column":4},"end":{"line":68,"column":5}},"type":"if","locations":[{"start":{"line":66,"column":4},"end":{"line":68,"column":5}},{"start":{},"end":{}}],"line":66},"3":{"loc":{"start":{"line":141,"column":4},"end":{"line":141,"column":63}},"type":"if","locations":[{"start":{"line":141,"column":4},"end":{"line":141,"column":63}},{"start":{},"end":{}}],"line":141},"4":{"loc":{"start":{"line":164,"column":4},"end":{"line":166,"column":5}},"type":"if","locations":[{"start":{"line":164,"column":4},"end":{"line":166,"column":5}},{"start":{},"end":{}}],"line":164},"5":{"loc":{"start":{"line":189,"column":4},"end":{"line":189,"column":63}},"type":"if","locations":[{"start":{"line":189,"column":4},"end":{"line":189,"column":63}},{"start":{},"end":{}}],"line":189},"6":{"loc":{"start":{"line":206,"column":4},"end":{"line":206,"column":63}},"type":"if","locations":[{"start":{"line":206,"column":4},"end":{"line":206,"column":63}},{"start":{},"end":{}}],"line":206}},"s":{"0":1,"1":1,"2":1,"3":1,"4":1,"5":0,"6":0,"7":0,"8":0,"9":0,"10":0,"11":0,"12":0,"13":3,"14":3,"15":0,"16":3,"17":3,"18":3,"19":3,"20":0,"21":0,"22":0,"23":0,"24":0,"25":0,"26":0,"27":0,"28":0,"29":0,"30":0,"31":0,"32":0,"33":0,"34":0,"35":0,"36":0,"37":0,"38":0,"39":0,"40":0,"41":0,"42":1},"f":{"0":0,"1":3,"2":0,"3":0,"4":0,"5":0},"b":{"0":[0,0],"1":[0,0],"2":[0,3],"3":[0,0],"4":[0,0],"5":[0,0],"6":[0,0]},"_coverageSchema":"1a1c01bbd47fc00a2c39e90264f33305004495a9","hash":"92fa41f2ebbb9da41f957e329df73bc29205dc34"}
,"/home/shavinski/rithm/exercises/week-7/express-jobly/routes/_testCommon.js": {"path":"/home/shavinski/rithm/exercises/week-7/express-jobly/routes/_testCommon.js","statementMap":{"0":{"start":{"line":3,"column":11},"end":{"line":3,"column":30}},"1":{"start":{"line":4,"column":13},"end":{"line":4,"column":38}},"2":{"start":{"line":5,"column":16},"end":{"line":5,"column":44}},"3":{"start":{"line":6,"column":24},"end":{"line":6,"column":52}},"4":{"start":{"line":10,"column":2},"end":{"line":10,"column":38}},"5":{"start":{"line":12,"column":2},"end":{"line":12,"column":42}},"6":{"start":{"line":14,"column":2},"end":{"line":21,"column":9}},"7":{"start":{"line":22,"column":2},"end":{"line":29,"column":9}},"8":{"start":{"line":30,"column":2},"end":{"line":37,"column":9}},"9":{"start":{"line":39,"column":2},"end":{"line":46,"column":5}},"10":{"start":{"line":47,"column":2},"end":{"line":54,"column":5}},"11":{"start":{"line":55,"column":2},"end":{"line":62,"column":5}},"12":{"start":{"line":66,"column":2},"end":{"line":66,"column":26}},"13":{"start":{"line":70,"column":2},"end":{"line":70,"column":29}},"14":{"start":{"line":74,"column":2},"end":{"line":74,"column":17}},"15":{"start":{"line":78,"column":16},"end":{"line":78,"column":63}},"16":{"start":{"line":81,"column":0},"end":{"line":87,"column":2}}},"fnMap":{"0":{"name":"commonBeforeAll","decl":{"start":{"line":8,"column":15},"end":{"line":8,"column":30}},"loc":{"start":{"line":8,"column":33},"end":{"line":63,"column":1}},"line":8},"1":{"name":"commonBeforeEach","decl":{"start":{"line":65,"column":15},"end":{"line":65,"column":31}},"loc":{"start":{"line":65,"column":34},"end":{"line":67,"column":1}},"line":65},"2":{"name":"commonAfterEach","decl":{"start":{"line":69,"column":15},"end":{"line":69,"column":30}},"loc":{"start":{"line":69,"column":33},"end":{"line":71,"column":1}},"line":69},"3":{"name":"commonAfterAll","decl":{"start":{"line":73,"column":15},"end":{"line":73,"column":29}},"loc":{"start":{"line":73,"column":32},"end":{"line":75,"column":1}},"line":73}},"branchMap":{},"s":{"0":1,"1":1,"2":1,"3":1,"4":1,"5":1,"6":1,"7":1,"8":1,"9":1,"10":1,"11":1,"12":17,"13":17,"14":1,"15":1,"16":1},"f":{"0":1,"1":17,"2":17,"3":1},"b":{},"_coverageSchema":"1a1c01bbd47fc00a2c39e90264f33305004495a9","hash":"e81007e34556b6f11bc166a832b028261b07925e"}
,"/home/shavinski/rithm/exercises/week-7/express-jobly/routes/auth.js": {"path":"/home/shavinski/rithm/exercises/week-7/express-jobly/routes/auth.js","statementMap":{"0":{"start":{"line":5,"column":19},"end":{"line":5,"column":40}},"1":{"start":{"line":7,"column":13},"end":{"line":7,"column":38}},"2":{"start":{"line":8,"column":16},"end":{"line":8,"column":34}},"3":{"start":{"line":9,"column":15},"end":{"line":9,"column":35}},"4":{"start":{"line":10,"column":24},"end":{"line":10,"column":52}},"5":{"start":{"line":11,"column":23},"end":{"line":11,"column":58}},"6":{"start":{"line":12,"column":27},"end":{"line":12,"column":66}},"7":{"start":{"line":13,"column":28},"end":{"line":13,"column":54}},"8":{"start":{"line":22,"column":0},"end":{"line":38,"column":3}},"9":{"start":{"line":23,"column":20},"end":{"line":27,"column":3}},"10":{"start":{"line":29,"column":2},"end":{"line":32,"column":3}},"11":{"start":{"line":30,"column":17},"end":{"line":30,"column":51}},"12":{"start":{"line":30,"column":43},"end":{"line":30,"column":50}},"13":{"start":{"line":31,"column":4},"end":{"line":31,"column":36}},"14":{"start":{"line":34,"column":33},"end":{"line":34,"column":41}},"15":{"start":{"line":35,"column":15},"end":{"line":35,"column":58}},"16":{"start":{"line":36,"column":16},"end":{"line":36,"column":33}},"17":{"start":{"line":37,"column":2},"end":{"line":37,"column":29}},"18":{"start":{"line":50,"column":0},"end":{"line":64,"column":3}},"19":{"start":{"line":51,"column":20},"end":{"line":55,"column":3}},"20":{"start":{"line":56,"column":2},"end":{"line":59,"column":3}},"21":{"start":{"line":57,"column":17},"end":{"line":57,"column":51}},"22":{"start":{"line":57,"column":43},"end":{"line":57,"column":50}},"23":{"start":{"line":58,"column":4},"end":{"line":58,"column":36}},"24":{"start":{"line":61,"column":18},"end":{"line":61,"column":70}},"25":{"start":{"line":62,"column":16},"end":{"line":62,"column":36}},"26":{"start":{"line":63,"column":2},"end":{"line":63,"column":41}},"27":{"start":{"line":67,"column":0},"end":{"line":67,"column":24}}},"fnMap":{"0":{"name":"(anonymous_0)","decl":{"start":{"line":22,"column":22},"end":{"line":22,"column":23}},"loc":{"start":{"line":22,"column":54},"end":{"line":38,"column":1}},"line":22},"1":{"name":"(anonymous_1)","decl":{"start":{"line":30,"column":38},"end":{"line":30,"column":39}},"loc":{"start":{"line":30,"column":43},"end":{"line":30,"column":50}},"line":30},"2":{"name":"(anonymous_2)","decl":{"start":{"line":50,"column":25},"end":{"line":50,"column":26}},"loc":{"start":{"line":50,"column":57},"end":{"line":64,"column":1}},"line":50},"3":{"name":"(anonymous_3)","decl":{"start":{"line":57,"column":38},"end":{"line":57,"column":39}},"loc":{"start":{"line":57,"column":43},"end":{"line":57,"column":50}},"line":57}},"branchMap":{"0":{"loc":{"start":{"line":29,"column":2},"end":{"line":32,"column":3}},"type":"if","locations":[{"start":{"line":29,"column":2},"end":{"line":32,"column":3}},{"start":{},"end":{}}],"line":29},"1":{"loc":{"start":{"line":56,"column":2},"end":{"line":59,"column":3}},"type":"if","locations":[{"start":{"line":56,"column":2},"end":{"line":59,"column":3}},{"start":{},"end":{}}],"line":56}},"s":{"0":1,"1":1,"2":1,"3":1,"4":1,"5":1,"6":1,"7":1,"8":1,"9":0,"10":0,"11":0,"12":0,"13":0,"14":0,"15":0,"16":0,"17":0,"18":1,"19":0,"20":0,"21":0,"22":0,"23":0,"24":0,"25":0,"26":0,"27":1},"f":{"0":0,"1":0,"2":0,"3":0},"b":{"0":[0,0],"1":[0,0]},"_coverageSchema":"1a1c01bbd47fc00a2c39e90264f33305004495a9","hash":"e87fc608f7e3b417b9850cc4f8eea24c1a9fd6eb"}
,"/home/shavinski/rithm/exercises/week-7/express-jobly/routes/companies.js": {"path":"/home/shavinski/rithm/exercises/week-7/express-jobly/routes/companies.js","statementMap":{"0":{"start":{"line":5,"column":19},"end":{"line":5,"column":40}},"1":{"start":{"line":6,"column":16},"end":{"line":6,"column":34}},"2":{"start":{"line":8,"column":28},"end":{"line":8,"column":54}},"3":{"start":{"line":9,"column":27},"end":{"line":9,"column":56}},"4":{"start":{"line":10,"column":16},"end":{"line":10,"column":44}},"5":{"start":{"line":12,"column":25},"end":{"line":12,"column":62}},"6":{"start":{"line":13,"column":28},"end":{"line":13,"column":68}},"7":{"start":{"line":14,"column":28},"end":{"line":14,"column":68}},"8":{"start":{"line":16,"column":15},"end":{"line":16,"column":35}},"9":{"start":{"line":28,"column":0},"end":{"line":43,"column":3}},"10":{"start":{"line":30,"column":20},"end":{"line":34,"column":3}},"11":{"start":{"line":36,"column":2},"end":{"line":39,"column":3}},"12":{"start":{"line":37,"column":17},"end":{"line":37,"column":51}},"13":{"start":{"line":37,"column":43},"end":{"line":37,"column":50}},"14":{"start":{"line":38,"column":4},"end":{"line":38,"column":36}},"15":{"start":{"line":41,"column":18},"end":{"line":41,"column":48}},"16":{"start":{"line":42,"column":2},"end":{"line":42,"column":43}},"17":{"start":{"line":56,"column":0},"end":{"line":85,"column":3}},"18":{"start":{"line":57,"column":23},"end":{"line":57,"column":32}},"19":{"start":{"line":59,"column":2},"end":{"line":61,"column":3}},"20":{"start":{"line":60,"column":4},"end":{"line":60,"column":65}},"21":{"start":{"line":63,"column":2},"end":{"line":65,"column":3}},"22":{"start":{"line":64,"column":4},"end":{"line":64,"column":65}},"23":{"start":{"line":67,"column":2},"end":{"line":69,"column":3}},"24":{"start":{"line":68,"column":4},"end":{"line":68,"column":64}},"25":{"start":{"line":71,"column":20},"end":{"line":75,"column":3}},"26":{"start":{"line":77,"column":2},"end":{"line":80,"column":3}},"27":{"start":{"line":78,"column":17},"end":{"line":78,"column":51}},"28":{"start":{"line":78,"column":43},"end":{"line":78,"column":50}},"29":{"start":{"line":79,"column":4},"end":{"line":79,"column":36}},"30":{"start":{"line":82,"column":20},"end":{"line":82,"column":55}},"31":{"start":{"line":84,"column":2},"end":{"line":84,"column":33}},"32":{"start":{"line":95,"column":0},"end":{"line":98,"column":3}},"33":{"start":{"line":96,"column":18},"end":{"line":96,"column":54}},"34":{"start":{"line":97,"column":2},"end":{"line":97,"column":31}},"35":{"start":{"line":111,"column":0},"end":{"line":124,"column":3}},"36":{"start":{"line":112,"column":20},"end":{"line":116,"column":3}},"37":{"start":{"line":117,"column":2},"end":{"line":120,"column":3}},"38":{"start":{"line":118,"column":17},"end":{"line":118,"column":51}},"39":{"start":{"line":118,"column":43},"end":{"line":118,"column":50}},"40":{"start":{"line":119,"column":4},"end":{"line":119,"column":36}},"41":{"start":{"line":122,"column":18},"end":{"line":122,"column":67}},"42":{"start":{"line":123,"column":2},"end":{"line":123,"column":31}},"43":{"start":{"line":131,"column":0},"end":{"line":134,"column":3}},"44":{"start":{"line":132,"column":2},"end":{"line":132,"column":42}},"45":{"start":{"line":133,"column":2},"end":{"line":133,"column":50}},"46":{"start":{"line":137,"column":0},"end":{"line":137,"column":24}}},"fnMap":{"0":{"name":"(anonymous_0)","decl":{"start":{"line":28,"column":33},"end":{"line":28,"column":34}},"loc":{"start":{"line":28,"column":65},"end":{"line":43,"column":1}},"line":28},"1":{"name":"(anonymous_1)","decl":{"start":{"line":37,"column":38},"end":{"line":37,"column":39}},"loc":{"start":{"line":37,"column":43},"end":{"line":37,"column":50}},"line":37},"2":{"name":"(anonymous_2)","decl":{"start":{"line":56,"column":16},"end":{"line":56,"column":17}},"loc":{"start":{"line":56,"column":48},"end":{"line":85,"column":1}},"line":56},"3":{"name":"(anonymous_3)","decl":{"start":{"line":78,"column":38},"end":{"line":78,"column":39}},"loc":{"start":{"line":78,"column":43},"end":{"line":78,"column":50}},"line":78},"4":{"name":"(anonymous_4)","decl":{"start":{"line":95,"column":23},"end":{"line":95,"column":24}},"loc":{"start":{"line":95,"column":55},"end":{"line":98,"column":1}},"line":95},"5":{"name":"(anonymous_5)","decl":{"start":{"line":111,"column":41},"end":{"line":111,"column":42}},"loc":{"start":{"line":111,"column":73},"end":{"line":124,"column":1}},"line":111},"6":{"name":"(anonymous_6)","decl":{"start":{"line":118,"column":38},"end":{"line":118,"column":39}},"loc":{"start":{"line":118,"column":43},"end":{"line":118,"column":50}},"line":118},"7":{"name":"(anonymous_7)","decl":{"start":{"line":131,"column":42},"end":{"line":131,"column":43}},"loc":{"start":{"line":131,"column":74},"end":{"line":134,"column":1}},"line":131}},"branchMap":{"0":{"loc":{"start":{"line":36,"column":2},"end":{"line":39,"column":3}},"type":"if","locations":[{"start":{"line":36,"column":2},"end":{"line":39,"column":3}},{"start":{},"end":{}}],"line":36},"1":{"loc":{"start":{"line":59,"column":2},"end":{"line":61,"column":3}},"type":"if","locations":[{"start":{"line":59,"column":2},"end":{"line":61,"column":3}},{"start":{},"end":{}}],"line":59},"2":{"loc":{"start":{"line":63,"column":2},"end":{"line":65,"column":3}},"type":"if","locations":[{"start":{"line":63,"column":2},"end":{"line":65,"column":3}},{"start":{},"end":{}}],"line":63},"3":{"loc":{"start":{"line":67,"column":2},"end":{"line":69,"column":3}},"type":"if","locations":[{"start":{"line":67,"column":2},"end":{"line":69,"column":3}},{"start":{},"end":{}}],"line":67},"4":{"loc":{"start":{"line":77,"column":2},"end":{"line":80,"column":3}},"type":"if","locations":[{"start":{"line":77,"column":2},"end":{"line":80,"column":3}},{"start":{},"end":{}}],"line":77},"5":{"loc":{"start":{"line":117,"column":2},"end":{"line":120,"column":3}},"type":"if","locations":[{"start":{"line":117,"column":2},"end":{"line":120,"column":3}},{"start":{},"end":{}}],"line":117}},"s":{"0":1,"1":1,"2":1,"3":1,"4":1,"5":1,"6":1,"7":1,"8":1,"9":1,"10":3,"11":3,"12":2,"13":3,"14":2,"15":1,"16":1,"17":1,"18":3,"19":3,"20":2,"21":3,"22":2,"23":3,"24":1,"25":2,"26":2,"27":0,"28":0,"29":0,"30":2,"31":2,"32":1,"33":3,"34":2,"35":1,"36":4,"37":4,"38":2,"39":2,"40":2,"41":2,"42":1,"43":1,"44":2,"45":1,"46":1},"f":{"0":3,"1":3,"2":3,"3":0,"4":3,"5":4,"6":2,"7":2},"b":{"0":[2,1],"1":[2,1],"2":[2,1],"3":[1,2],"4":[0,2],"5":[2,2]},"_coverageSchema":"1a1c01bbd47fc00a2c39e90264f33305004495a9","hash":"0106bb0462f7ef71759d6a5c40c5ded6a642c074"}
,"/home/shavinski/rithm/exercises/week-7/express-jobly/routes/users.js": {"path":"/home/shavinski/rithm/exercises/week-7/express-jobly/routes/users.js","statementMap":{"0":{"start":{"line":5,"column":19},"end":{"line":5,"column":40}},"1":{"start":{"line":7,"column":16},"end":{"line":7,"column":34}},"2":{"start":{"line":8,"column":27},"end":{"line":8,"column":56}},"3":{"start":{"line":9,"column":28},"end":{"line":9,"column":54}},"4":{"start":{"line":10,"column":13},"end":{"line":10,"column":38}},"5":{"start":{"line":11,"column":24},"end":{"line":11,"column":52}},"6":{"start":{"line":12,"column":22},"end":{"line":12,"column":56}},"7":{"start":{"line":13,"column":25},"end":{"line":13,"column":62}},"8":{"start":{"line":15,"column":15},"end":{"line":15,"column":31}},"9":{"start":{"line":30,"column":0},"end":{"line":44,"column":3}},"10":{"start":{"line":31,"column":20},"end":{"line":35,"column":3}},"11":{"start":{"line":36,"column":2},"end":{"line":39,"column":3}},"12":{"start":{"line":37,"column":17},"end":{"line":37,"column":51}},"13":{"start":{"line":37,"column":43},"end":{"line":37,"column":50}},"14":{"start":{"line":38,"column":4},"end":{"line":38,"column":36}},"15":{"start":{"line":41,"column":15},"end":{"line":41,"column":44}},"16":{"start":{"line":42,"column":16},"end":{"line":42,"column":33}},"17":{"start":{"line":43,"column":2},"end":{"line":43,"column":47}},"18":{"start":{"line":54,"column":0},"end":{"line":57,"column":3}},"19":{"start":{"line":55,"column":16},"end":{"line":55,"column":36}},"20":{"start":{"line":56,"column":2},"end":{"line":56,"column":29}},"21":{"start":{"line":67,"column":0},"end":{"line":70,"column":3}},"22":{"start":{"line":68,"column":15},"end":{"line":68,"column":50}},"23":{"start":{"line":69,"column":2},"end":{"line":69,"column":28}},"24":{"start":{"line":83,"column":0},"end":{"line":96,"column":3}},"25":{"start":{"line":84,"column":20},"end":{"line":88,"column":3}},"26":{"start":{"line":89,"column":2},"end":{"line":92,"column":3}},"27":{"start":{"line":90,"column":17},"end":{"line":90,"column":51}},"28":{"start":{"line":90,"column":43},"end":{"line":90,"column":50}},"29":{"start":{"line":91,"column":4},"end":{"line":91,"column":36}},"30":{"start":{"line":94,"column":15},"end":{"line":94,"column":63}},"31":{"start":{"line":95,"column":2},"end":{"line":95,"column":28}},"32":{"start":{"line":104,"column":0},"end":{"line":107,"column":3}},"33":{"start":{"line":105,"column":2},"end":{"line":105,"column":41}},"34":{"start":{"line":106,"column":2},"end":{"line":106,"column":52}},"35":{"start":{"line":110,"column":0},"end":{"line":110,"column":24}}},"fnMap":{"0":{"name":"(anonymous_0)","decl":{"start":{"line":30,"column":33},"end":{"line":30,"column":34}},"loc":{"start":{"line":30,"column":65},"end":{"line":44,"column":1}},"line":30},"1":{"name":"(anonymous_1)","decl":{"start":{"line":37,"column":38},"end":{"line":37,"column":39}},"loc":{"start":{"line":37,"column":43},"end":{"line":37,"column":50}},"line":37},"2":{"name":"(anonymous_2)","decl":{"start":{"line":54,"column":32},"end":{"line":54,"column":33}},"loc":{"start":{"line":54,"column":64},"end":{"line":57,"column":1}},"line":54},"3":{"name":"(anonymous_3)","decl":{"start":{"line":67,"column":41},"end":{"line":67,"column":42}},"loc":{"start":{"line":67,"column":73},"end":{"line":70,"column":1}},"line":67},"4":{"name":"(anonymous_4)","decl":{"start":{"line":83,"column":43},"end":{"line":83,"column":44}},"loc":{"start":{"line":83,"column":75},"end":{"line":96,"column":1}},"line":83},"5":{"name":"(anonymous_5)","decl":{"start":{"line":90,"column":38},"end":{"line":90,"column":39}},"loc":{"start":{"line":90,"column":43},"end":{"line":90,"column":50}},"line":90},"6":{"name":"(anonymous_6)","decl":{"start":{"line":104,"column":44},"end":{"line":104,"column":45}},"loc":{"start":{"line":104,"column":76},"end":{"line":107,"column":1}},"line":104}},"branchMap":{"0":{"loc":{"start":{"line":36,"column":2},"end":{"line":39,"column":3}},"type":"if","locations":[{"start":{"line":36,"column":2},"end":{"line":39,"column":3}},{"start":{},"end":{}}],"line":36},"1":{"loc":{"start":{"line":89,"column":2},"end":{"line":92,"column":3}},"type":"if","locations":[{"start":{"line":89,"column":2},"end":{"line":92,"column":3}},{"start":{},"end":{}}],"line":89}},"s":{"0":1,"1":1,"2":1,"3":1,"4":1,"5":1,"6":1,"7":1,"8":1,"9":1,"10":0,"11":0,"12":0,"13":0,"14":0,"15":0,"16":0,"17":0,"18":1,"19":0,"20":0,"21":1,"22":0,"23":0,"24":1,"25":0,"26":0,"27":0,"28":0,"29":0,"30":0,"31":0,"32":1,"33":0,"34":0,"35":1},"f":{"0":0,"1":0,"2":0,"3":0,"4":0,"5":0,"6":0},"b":{"0":[0,0],"1":[0,0]},"_coverageSchema":"1a1c01bbd47fc00a2c39e90264f33305004495a9","hash":"6effad935b3b9c6fce80862c9a4f7cb5b89ab105"}
}
