TN:
SF:app.js
FN:30,(anonymous_0)
FN:35,(anonymous_1)
FNF:2
FNH:2
FNDA:2,(anonymous_0)
FNDA:30,(anonymous_1)
DA:5,4
DA:6,4
DA:8,4
DA:10,4
DA:11,4
DA:12,4
DA:13,4
DA:15,4
DA:17,4
DA:19,4
DA:20,4
DA:21,4
DA:22,4
DA:24,4
DA:25,4
DA:26,4
DA:30,4
DA:31,2
DA:35,4
DA:36,30
DA:37,30
DA:38,30
DA:40,30
DA:45,4
LF:24
LH:24
BRDA:36,0,0,1
BRDA:36,0,1,29
BRDA:37,1,0,30
BRDA:37,1,1,0
BRF:4
BRH:3
end_of_record
TN:
SF:config.js
FN:13,getDatabaseUri
FNF:1
FNH:1
FNDA:20,getDatabaseUri
DA:5,10
DA:6,10
DA:8,10
DA:10,10
DA:14,20
DA:22,10
DA:24,10
DA:25,10
DA:26,10
DA:27,10
DA:28,10
DA:29,10
DA:31,10
LF:13
LH:13
BRDA:8,0,0,10
BRDA:8,0,1,0
BRDA:10,1,0,10
BRDA:10,1,1,9
BRDA:14,2,0,17
BRDA:14,2,1,3
BRDA:16,3,0,3
BRDA:16,3,1,1
BRDA:22,4,0,9
BRDA:22,4,1,1
BRF:10
BRH:9
end_of_record
TN:
SF:db.js
FNF:0
FNH:0
DA:5,7
DA:6,7
DA:8,7
DA:12,7
DA:14,7
LF:5
LH:5
BRF:0
BRH:0
end_of_record
TN:
SF:expressError.js
FN:10,(anonymous_0)
FN:20,(anonymous_1)
FN:28,(anonymous_2)
FN:36,(anonymous_3)
FN:44,(anonymous_4)
FNF:5
FNH:4
FNDA:45,(anonymous_0)
FNDA:14,(anonymous_1)
FNDA:13,(anonymous_2)
FNDA:18,(anonymous_3)
FNDA:0,(anonymous_4)
DA:11,45
DA:12,45
DA:13,45
DA:21,14
DA:29,13
DA:37,18
DA:45,0
DA:49,8
LF:8
LH:7
BRDA:20,0,0,2
BRDA:28,1,0,9
BRDA:36,2,0,0
BRDA:44,3,0,0
BRF:4
BRH:2
end_of_record
TN:
SF:helpers/sql.js
FN:34,sqlForPartialUpdate
FN:39,(anonymous_1)
FNF:2
FNH:2
FNDA:16,sqlForPartialUpdate
FNDA:29,(anonymous_1)
DA:3,7
DA:35,16
DA:36,16
DA:39,13
DA:40,29
DA:43,13
DA:49,7
LF:7
LH:7
BRDA:36,0,0,3
BRDA:36,0,1,13
BRDA:40,1,0,29
BRDA:40,1,1,14
BRF:4
BRH:4
end_of_record
TN:
SF:helpers/tokens.js
FN:8,createToken
FNF:1
FNH:1
FNDA:10,createToken
DA:3,5
DA:4,5
DA:9,10
DA:12,10
DA:17,10
DA:20,5
LF:6
LH:6
BRDA:14,0,0,10
BRDA:14,0,1,8
BRF:2
BRH:2
end_of_record
TN:
SF:middleware/auth.js
FN:18,authenticateJWT
FN:39,ensureLoggedIn
FNF:2
FNH:2
FNDA:49,authenticateJWT
FNDA:32,ensureLoggedIn
DA:5,5
DA:6,5
DA:7,5
DA:19,49
DA:21,49
DA:22,24
DA:24,24
DA:25,24
DA:30,49
DA:40,32
DA:42,32
DA:43,9
DA:47,5
LF:13
LH:13
BRDA:21,0,0,24
BRDA:21,0,1,25
BRDA:42,1,0,23
BRDA:42,1,1,9
BRF:4
BRH:4
end_of_record
TN:
SF:models/_testCommon.js
FN:8,commonBeforeAll
FN:34,commonBeforeEach
FN:38,commonAfterEach
FN:42,commonAfterAll
FNF:4
FNH:4
FNDA:2,commonBeforeAll
FNDA:29,commonBeforeEach
FNDA:29,commonAfterEach
FNDA:2,commonAfterAll
DA:3,2
DA:5,2
DA:6,2
DA:10,2
DA:12,2
DA:14,2
DA:20,2
DA:35,29
DA:39,29
DA:43,2
DA:47,2
LF:11
LH:11
BRF:0
BRH:0
end_of_record
TN:
SF:models/company.js
FN:19,(anonymous_0)
FN:58,(anonymous_1)
FN:91,(anonymous_2)
FN:127,(anonymous_3)
FN:156,(anonymous_4)
FN:188,(anonymous_5)
FNF:6
FNH:6
FNDA:13,(anonymous_0)
FNDA:3,(anonymous_1)
FNDA:6,(anonymous_2)
FNDA:5,(anonymous_3)
FNDA:6,(anonymous_4)
FNDA:4,(anonymous_5)
DA:3,5
DA:4,5
DA:5,5
DA:20,13
DA:25,13
DA:26,1
DA:28,12
DA:48,12
DA:50,12
DA:59,3
DA:62,3
DA:64,3
DA:76,3
DA:92,6
DA:93,6
DA:95,6
DA:96,3
DA:97,3
DA:99,6
DA:100,3
DA:101,3
DA:104,6
DA:105,2
DA:106,2
DA:109,6
DA:111,6
DA:128,5
DA:137,5
DA:139,5
DA:141,3
DA:157,6
DA:163,5
DA:165,5
DA:175,5
DA:176,5
DA:178,5
DA:180,3
DA:189,4
DA:194,4
DA:196,4
DA:201,5
LF:41
LH:41
BRDA:25,0,0,1
BRDA:25,0,1,12
BRDA:58,1,0,1
BRDA:95,2,0,3
BRDA:95,2,1,3
BRDA:99,3,0,3
BRDA:99,3,1,3
BRDA:104,4,0,2
BRDA:104,4,1,4
BRDA:109,5,0,3
BRDA:109,5,1,3
BRDA:139,6,0,2
BRDA:139,6,1,3
BRDA:178,7,0,2
BRDA:178,7,1,3
BRDA:196,8,0,2
BRDA:196,8,1,2
BRF:17
BRH:17
end_of_record
TN:
SF:models/user.js
FN:24,(anonymous_0)
FN:58,(anonymous_1)
FN:106,(anonymous_2)
FN:128,(anonymous_3)
FN:163,(anonymous_4)
FN:197,(anonymous_5)
FNF:6
FNH:6
FNDA:7,(anonymous_0)
FNDA:16,(anonymous_1)
FNDA:2,(anonymous_2)
FNDA:4,(anonymous_3)
FNDA:7,(anonymous_4)
FNDA:4,(anonymous_5)
DA:3,5
DA:4,5
DA:5,5
DA:10,5
DA:12,5
DA:26,7
DA:37,7
DA:39,7
DA:41,4
DA:42,4
DA:43,3
DA:44,3
DA:48,4
DA:60,16
DA:66,16
DA:67,1
DA:70,15
DA:72,15
DA:96,15
DA:98,15
DA:107,2
DA:117,2
DA:129,4
DA:139,4
DA:141,4
DA:143,2
DA:164,7
DA:165,2
DA:168,7
DA:175,6
DA:177,6
DA:186,6
DA:187,6
DA:189,6
DA:191,4
DA:192,4
DA:198,4
DA:204,4
DA:206,4
DA:211,5
LF:40
LH:40
BRDA:39,0,0,4
BRDA:39,0,1,3
BRDA:42,1,0,3
BRDA:42,1,1,1
BRDA:66,2,0,1
BRDA:66,2,1,15
BRDA:141,3,0,2
BRDA:141,3,1,2
BRDA:164,4,0,2
BRDA:164,4,1,5
BRDA:189,5,0,2
BRDA:189,5,1,4
BRDA:206,6,0,2
BRDA:206,6,1,2
BRF:14
BRH:14
end_of_record
TN:
SF:routes/_testCommon.js
FN:8,commonBeforeAll
FN:65,commonBeforeEach
FN:69,commonAfterEach
FN:73,commonAfterAll
FNF:4
FNH:4
FNDA:3,commonBeforeAll
FNDA:44,commonBeforeEach
FNDA:44,commonAfterEach
FNDA:3,commonAfterAll
DA:3,3
DA:4,3
DA:5,3
DA:6,3
DA:10,3
DA:12,3
DA:14,3
DA:22,3
DA:30,3
DA:39,3
DA:47,3
DA:55,3
DA:66,44
DA:70,44
DA:74,3
DA:78,3
DA:81,3
LF:17
LH:17
BRF:0
BRH:0
end_of_record
TN:
SF:routes/auth.js
FN:22,(anonymous_0)
FN:30,(anonymous_1)
FN:50,(anonymous_2)
FN:57,(anonymous_3)
FNF:4
FNH:4
FNDA:5,(anonymous_0)
FNDA:2,(anonymous_1)
FNDA:3,(anonymous_2)
FNDA:5,(anonymous_3)
DA:5,4
DA:7,4
DA:8,4
DA:9,4
DA:10,4
DA:11,4
DA:12,4
DA:13,4
DA:22,4
DA:23,5
DA:29,5
DA:30,2
DA:31,2
DA:34,3
DA:35,3
DA:36,1
DA:37,1
DA:50,4
DA:51,3
DA:56,3
DA:57,5
DA:58,2
DA:61,1
DA:62,1
DA:63,1
DA:67,4
LF:26
LH:26
BRDA:29,0,0,2
BRDA:29,0,1,3
BRDA:56,1,0,2
BRDA:56,1,1,1
BRF:4
BRH:4
end_of_record
TN:
SF:routes/companies.js
FN:28,(anonymous_0)
FN:37,(anonymous_1)
FN:56,(anonymous_2)
FN:78,(anonymous_3)
FN:95,(anonymous_4)
FN:111,(anonymous_5)
FN:118,(anonymous_6)
FN:131,(anonymous_7)
FNF:8
FNH:8
FNDA:3,(anonymous_0)
FNDA:3,(anonymous_1)
FNDA:4,(anonymous_2)
FNDA:2,(anonymous_3)
FNDA:3,(anonymous_4)
FNDA:4,(anonymous_5)
FNDA:2,(anonymous_6)
FNDA:2,(anonymous_7)
DA:5,4
DA:6,4
DA:8,4
DA:9,4
DA:10,4
DA:12,4
DA:13,4
DA:14,4
DA:16,4
DA:28,4
DA:30,3
DA:36,3
DA:37,3
DA:38,2
DA:41,1
DA:42,1
DA:56,4
DA:57,4
DA:59,4
DA:60,3
DA:63,4
DA:64,3
DA:67,4
DA:68,1
DA:71,3
DA:77,3
DA:78,2
DA:79,1
DA:82,2
DA:84,2
DA:95,4
DA:96,3
DA:97,2
DA:111,4
DA:112,4
DA:117,4
DA:118,2
DA:119,2
DA:122,2
DA:123,1
DA:131,4
DA:132,2
DA:133,1
DA:137,4
LF:44
LH:44
BRDA:36,0,0,2
BRDA:36,0,1,1
BRDA:59,1,0,3
BRDA:59,1,1,1
BRDA:63,2,0,3
BRDA:63,2,1,1
BRDA:67,3,0,1
BRDA:67,3,1,3
BRDA:77,4,0,1
BRDA:77,4,1,2
BRDA:117,5,0,2
BRDA:117,5,1,2
BRF:12
BRH:12
end_of_record
TN:
SF:routes/users.js
FN:30,(anonymous_0)
FN:37,(anonymous_1)
FN:54,(anonymous_2)
FN:67,(anonymous_3)
FN:83,(anonymous_4)
FN:90,(anonymous_5)
FN:104,(anonymous_6)
FNF:7
FNH:7
FNDA:4,(anonymous_0)
FNDA:5,(anonymous_1)
FNDA:1,(anonymous_2)
FNDA:2,(anonymous_3)
FNDA:4,(anonymous_4)
FNDA:1,(anonymous_5)
FNDA:2,(anonymous_6)
DA:5,4
DA:7,4
DA:8,4
DA:9,4
DA:10,4
DA:11,4
DA:12,4
DA:13,4
DA:15,4
DA:30,4
DA:31,4
DA:36,4
DA:37,5
DA:38,2
DA:41,2
DA:42,2
DA:43,2
DA:54,4
DA:55,1
DA:56,1
DA:67,4
DA:68,2
DA:69,1
DA:83,4
DA:84,4
DA:89,4
DA:90,1
DA:91,1
DA:94,3
DA:95,2
DA:104,4
DA:105,2
DA:106,1
DA:110,4
LF:34
LH:34
BRDA:36,0,0,2
BRDA:36,0,1,2
BRDA:89,1,0,1
BRDA:89,1,1,3
BRF:4
BRH:4
end_of_record
