TN:
SF:app.js
FN:30,(anonymous_0)
FN:35,(anonymous_1)
FNF:2
FNH:1
FNDA:0,(anonymous_0)
FNDA:10,(anonymous_1)
DA:5,1
DA:6,1
DA:8,1
DA:10,1
DA:11,1
DA:12,1
DA:13,1
DA:15,1
DA:17,1
DA:19,1
DA:20,1
DA:21,1
DA:22,1
DA:24,1
DA:25,1
DA:26,1
DA:30,1
DA:31,0
DA:35,1
DA:36,10
DA:37,10
DA:38,10
DA:40,10
DA:45,1
LF:24
LH:23
BRDA:36,0,0,0
BRDA:36,0,1,10
BRDA:37,1,0,10
BRDA:37,1,1,0
BRF:4
BRH:2
end_of_record
TN:
SF:config.js
FN:13,getDatabaseUri
FNF:1
FNH:1
FNDA:2,getDatabaseUri
DA:5,1
DA:6,1
DA:8,1
DA:10,1
DA:14,2
DA:22,1
DA:24,1
DA:25,1
DA:26,1
DA:27,1
DA:28,1
DA:29,1
DA:31,1
LF:13
LH:13
BRDA:8,0,0,1
BRDA:8,0,1,0
BRDA:10,1,0,1
BRDA:10,1,1,1
BRDA:14,2,0,2
BRDA:14,2,1,0
BRDA:16,3,0,0
BRDA:16,3,1,0
BRDA:22,4,0,1
BRDA:22,4,1,0
BRF:10
BRH:5
end_of_record
TN:
SF:db.js
FNF:0
FNH:0
DA:5,1
DA:6,1
DA:8,1
DA:12,1
DA:14,1
LF:5
LH:5
BRF:0
BRH:0
end_of_record
TN:
SF:expressError.js
FN:10,(anonymous_0)
FN:20,(anonymous_1)
FN:28,(anonymous_2)
FN:36,(anonymous_3)
FN:44,(anonymous_4)
FNF:5
FNH:4
FNDA:10,(anonymous_0)
FNDA:3,(anonymous_1)
FNDA:2,(anonymous_2)
FNDA:5,(anonymous_3)
FNDA:0,(anonymous_4)
DA:11,10
DA:12,10
DA:13,10
DA:21,3
DA:29,2
DA:37,5
DA:45,0
DA:49,1
LF:8
LH:7
BRDA:20,0,0,0
BRDA:28,1,0,2
BRDA:36,2,0,0
BRDA:44,3,0,0
BRF:4
BRH:1
end_of_record
TN:
SF:helpers/sql.js
FN:34,sqlForPartialUpdate
FN:41,(anonymous_1)
FNF:2
FNH:2
FNDA:2,sqlForPartialUpdate
FNDA:2,(anonymous_1)
DA:3,1
DA:35,2
DA:36,2
DA:41,2
DA:42,2
DA:45,2
DA:51,1
LF:7
LH:7
BRDA:36,0,0,0
BRDA:36,0,1,2
BRDA:42,1,0,2
BRDA:42,1,1,2
BRF:4
BRH:3
end_of_record
TN:
SF:helpers/tokens.js
FN:8,createToken
FNF:1
FNH:1
FNDA:1,createToken
DA:3,1
DA:4,1
DA:9,1
DA:12,1
DA:17,1
DA:20,1
LF:6
LH:6
BRDA:14,0,0,1
BRDA:14,0,1,1
BRF:2
BRH:2
end_of_record
TN:
SF:middleware/auth.js
FN:18,authenticateJWT
FN:39,ensureLoggedIn
FNF:2
FNH:2
FNDA:17,authenticateJWT
FNDA:11,ensureLoggedIn
DA:5,1
DA:6,1
DA:7,1
DA:19,17
DA:21,17
DA:22,9
DA:24,9
DA:25,9
DA:30,17
DA:40,11
DA:42,11
DA:43,2
DA:47,1
LF:13
LH:13
BRDA:21,0,0,9
BRDA:21,0,1,8
BRDA:42,1,0,9
BRDA:42,1,1,2
BRF:4
BRH:4
end_of_record
TN:
SF:models/company.js
FN:19,(anonymous_0)
FN:58,(anonymous_1)
FN:88,(anonymous_2)
FN:124,(anonymous_3)
FN:153,(anonymous_4)
FN:185,(anonymous_5)
FNF:6
FNH:6
FNDA:4,(anonymous_0)
FNDA:2,(anonymous_1)
FNDA:2,(anonymous_2)
FNDA:3,(anonymous_3)
FNDA:2,(anonymous_4)
FNDA:2,(anonymous_5)
DA:3,1
DA:4,1
DA:5,1
DA:20,4
DA:25,4
DA:26,0
DA:28,4
DA:48,4
DA:50,4
DA:59,2
DA:62,2
DA:64,2
DA:65,2
DA:77,2
DA:89,2
DA:90,2
DA:92,2
DA:93,1
DA:94,1
DA:96,2
DA:97,1
DA:98,1
DA:101,2
DA:102,1
DA:103,1
DA:106,2
DA:108,2
DA:125,3
DA:134,3
DA:136,3
DA:138,2
DA:154,2
DA:160,2
DA:162,2
DA:172,2
DA:173,2
DA:175,2
DA:177,1
DA:186,2
DA:191,2
DA:193,2
DA:198,1
LF:42
LH:41
BRDA:25,0,0,0
BRDA:25,0,1,4
BRDA:92,1,0,1
BRDA:92,1,1,1
BRDA:96,2,0,1
BRDA:96,2,1,1
BRDA:101,3,0,1
BRDA:101,3,1,1
BRDA:106,4,0,1
BRDA:106,4,1,1
BRDA:136,5,0,1
BRDA:136,5,1,2
BRDA:175,6,0,1
BRDA:175,6,1,1
BRDA:193,7,0,1
BRDA:193,7,1,1
BRF:16
BRH:15
end_of_record
TN:
SF:models/user.js
FN:24,(anonymous_0)
FN:58,(anonymous_1)
FN:106,(anonymous_2)
FN:128,(anonymous_3)
FN:163,(anonymous_4)
FN:197,(anonymous_5)
FNF:6
FNH:1
FNDA:0,(anonymous_0)
FNDA:3,(anonymous_1)
FNDA:0,(anonymous_2)
FNDA:0,(anonymous_3)
FNDA:0,(anonymous_4)
FNDA:0,(anonymous_5)
DA:3,1
DA:4,1
DA:5,1
DA:10,1
DA:12,1
DA:26,0
DA:37,0
DA:39,0
DA:41,0
DA:42,0
DA:43,0
DA:44,0
DA:48,0
DA:60,3
DA:66,3
DA:67,0
DA:70,3
DA:72,3
DA:96,3
DA:98,3
DA:107,0
DA:117,0
DA:129,0
DA:139,0
DA:141,0
DA:143,0
DA:164,0
DA:165,0
DA:168,0
DA:175,0
DA:177,0
DA:186,0
DA:187,0
DA:189,0
DA:191,0
DA:192,0
DA:198,0
DA:204,0
DA:206,0
DA:211,1
LF:40
LH:12
BRDA:39,0,0,0
BRDA:39,0,1,0
BRDA:42,1,0,0
BRDA:42,1,1,0
BRDA:66,2,0,0
BRDA:66,2,1,3
BRDA:141,3,0,0
BRDA:141,3,1,0
BRDA:164,4,0,0
BRDA:164,4,1,0
BRDA:189,5,0,0
BRDA:189,5,1,0
BRDA:206,6,0,0
BRDA:206,6,1,0
BRF:14
BRH:1
end_of_record
TN:
SF:routes/_testCommon.js
FN:8,commonBeforeAll
FN:65,commonBeforeEach
FN:69,commonAfterEach
FN:73,commonAfterAll
FNF:4
FNH:4
FNDA:1,commonBeforeAll
FNDA:17,commonBeforeEach
FNDA:17,commonAfterEach
FNDA:1,commonAfterAll
DA:3,1
DA:4,1
DA:5,1
DA:6,1
DA:10,1
DA:12,1
DA:14,1
DA:22,1
DA:30,1
DA:39,1
DA:47,1
DA:55,1
DA:66,17
DA:70,17
DA:74,1
DA:78,1
DA:81,1
LF:17
LH:17
BRF:0
BRH:0
end_of_record
TN:
SF:routes/auth.js
FN:22,(anonymous_0)
FN:30,(anonymous_1)
FN:50,(anonymous_2)
FN:57,(anonymous_3)
FNF:4
FNH:0
FNDA:0,(anonymous_0)
FNDA:0,(anonymous_1)
FNDA:0,(anonymous_2)
FNDA:0,(anonymous_3)
DA:5,1
DA:7,1
DA:8,1
DA:9,1
DA:10,1
DA:11,1
DA:12,1
DA:13,1
DA:22,1
DA:23,0
DA:29,0
DA:30,0
DA:31,0
DA:34,0
DA:35,0
DA:36,0
DA:37,0
DA:50,1
DA:51,0
DA:56,0
DA:57,0
DA:58,0
DA:61,0
DA:62,0
DA:63,0
DA:67,1
LF:26
LH:11
BRDA:29,0,0,0
BRDA:29,0,1,0
BRDA:56,1,0,0
BRDA:56,1,1,0
BRF:4
BRH:0
end_of_record
TN:
SF:routes/companies.js
FN:28,(anonymous_0)
FN:37,(anonymous_1)
FN:56,(anonymous_2)
FN:78,(anonymous_3)
FN:95,(anonymous_4)
FN:111,(anonymous_5)
FN:118,(anonymous_6)
FN:131,(anonymous_7)
FNF:8
FNH:7
FNDA:3,(anonymous_0)
FNDA:3,(anonymous_1)
FNDA:3,(anonymous_2)
FNDA:0,(anonymous_3)
FNDA:3,(anonymous_4)
FNDA:4,(anonymous_5)
FNDA:2,(anonymous_6)
FNDA:2,(anonymous_7)
DA:5,1
DA:6,1
DA:8,1
DA:9,1
DA:10,1
DA:12,1
DA:13,1
DA:14,1
DA:16,1
DA:28,1
DA:30,3
DA:36,3
DA:37,3
DA:38,2
DA:41,1
DA:42,1
DA:56,1
DA:57,3
DA:59,3
DA:60,2
DA:63,3
DA:64,2
DA:67,3
DA:68,1
DA:71,2
DA:77,2
DA:78,0
DA:79,0
DA:82,2
DA:84,2
DA:95,1
DA:96,3
DA:97,2
DA:111,1
DA:112,4
DA:117,4
DA:118,2
DA:119,2
DA:122,2
DA:123,1
DA:131,1
DA:132,2
DA:133,1
DA:137,1
LF:44
LH:42
BRDA:36,0,0,2
BRDA:36,0,1,1
BRDA:59,1,0,2
BRDA:59,1,1,1
BRDA:63,2,0,2
BRDA:63,2,1,1
BRDA:67,3,0,1
BRDA:67,3,1,2
BRDA:77,4,0,0
BRDA:77,4,1,2
BRDA:117,5,0,2
BRDA:117,5,1,2
BRF:12
BRH:11
end_of_record
TN:
SF:routes/users.js
FN:30,(anonymous_0)
FN:37,(anonymous_1)
FN:54,(anonymous_2)
FN:67,(anonymous_3)
FN:83,(anonymous_4)
FN:90,(anonymous_5)
FN:104,(anonymous_6)
FNF:7
FNH:0
FNDA:0,(anonymous_0)
FNDA:0,(anonymous_1)
FNDA:0,(anonymous_2)
FNDA:0,(anonymous_3)
FNDA:0,(anonymous_4)
FNDA:0,(anonymous_5)
FNDA:0,(anonymous_6)
DA:5,1
DA:7,1
DA:8,1
DA:9,1
DA:10,1
DA:11,1
DA:12,1
DA:13,1
DA:15,1
DA:30,1
DA:31,0
DA:36,0
DA:37,0
DA:38,0
DA:41,0
DA:42,0
DA:43,0
DA:54,1
DA:55,0
DA:56,0
DA:67,1
DA:68,0
DA:69,0
DA:83,1
DA:84,0
DA:89,0
DA:90,0
DA:91,0
DA:94,0
DA:95,0
DA:104,1
DA:105,0
DA:106,0
DA:110,1
LF:34
LH:15
BRDA:36,0,0,0
BRDA:36,0,1,0
BRDA:89,1,0,0
BRDA:89,1,1,0
BRF:4
BRH:0
end_of_record
